Using pre-set license
Built from '2020.2/release' branch; Version is '2020.2.2f1 (068178b99f32) revision 426360'; Using compiler version '192528614'; Build Type 'Release'
OS: 'Windows 10 Home; OS build 19042.804; Version 2009; 64bit' Language: 'en' Physical Memory: 16146 MB
BatchMode: 1, IsHumanControllingUs: 0, StartBugReporterOnCrash: 0, Is64bit: 1, IsPro: 0

 COMMAND LINE ARGUMENTS:
C:\Program Files\Unity\Hub\Editor\2020.2.2f1\Editor\Unity.exe
-adb2
-batchMode
-noUpm
-name
AssetImportWorker0
-projectPath
C:/Users/ciara/OneDrive/Documents/GitHub/signle-screen-game-c20391893/Single game
-logFile
Logs/AssetImportWorker0.log
-srvPort
64347
Successfully changed project path to: C:/Users/ciara/OneDrive/Documents/GitHub/signle-screen-game-c20391893/Single game
C:/Users/ciara/OneDrive/Documents/GitHub/signle-screen-game-c20391893/Single game
Using Asset Import Pipeline V2.
Refreshing native plugins compatible for Editor in 32.26 ms, found 1 plugins.
Preloading 0 native plugins for Editor in 0.00 ms.
Initialize engine version: 2020.2.2f1 (068178b99f32)
[Subsystems] Discovering subsystems at path C:/Program Files/Unity/Hub/Editor/2020.2.2f1/Editor/Data/Resources/UnitySubsystems
[Subsystems] Discovering subsystems at path C:/Users/ciara/OneDrive/Documents/GitHub/signle-screen-game-c20391893/Single game/Assets
GfxDevice: creating device client; threaded=0
Direct3D:
    Version:  Direct3D 11.0 [level 11.1]
    Renderer: NVIDIA GeForce RTX 2060 (ID=0x1f55)
    Vendor:   
    VRAM:     5980 MB
    Driver:   27.21.14.6172
Initialize mono
Mono path[0] = 'C:/Program Files/Unity/Hub/Editor/2020.2.2f1/Editor/Data/Managed'
Mono path[1] = 'C:/Program Files/Unity/Hub/Editor/2020.2.2f1/Editor/Data/MonoBleedingEdge/lib/mono/unityjit'
Mono config path = 'C:/Program Files/Unity/Hub/Editor/2020.2.2f1/Editor/Data/MonoBleedingEdge/etc'
Using monoOptions --debugger-agent=transport=dt_socket,embedding=1,server=y,suspend=n,address=127.0.0.1:56520
Begin MonoManager ReloadAssembly
Registering precompiled unity dll's ...
Register platform support module: C:/Program Files/Unity/Hub/Editor/2020.2.2f1/Editor/Data/PlaybackEngines/WindowsStandaloneSupport/UnityEditor.WindowsStandalone.Extensions.dll
Registered in 0.002385 seconds.
Native extension for WindowsStandalone target not found
Refreshing native plugins compatible for Editor in 35.50 ms, found 1 plugins.
Preloading 0 native plugins for Editor in 0.00 ms.
Invoked RoslynAnalysisRunner static constructor.
RoslynAnalysisRunner will not be running.
RoslynAnalysisRunner has terminated.
Mono: successfully reloaded assembly
- Completed reload, in  0.863 seconds
Platform modules already initialized, skipping
Registering precompiled user dll's ...
Registered in 0.001108 seconds.
Begin MonoManager ReloadAssembly
Native extension for WindowsStandalone target not found
Refreshing native plugins compatible for Editor in 34.87 ms, found 1 plugins.
Preloading 0 native plugins for Editor in 0.00 ms.
Invoked RoslynAnalysisRunner static constructor.
RoslynAnalysisRunner will not be running.
RoslynAnalysisRunner has terminated.
Mono: successfully reloaded assembly
- Completed reload, in  0.791 seconds
Platform modules already initialized, skipping
========================================================================
Worker process is ready to serve import requests
Launched and connected shader compiler UnityShaderCompiler.exe after 0.03 seconds
Refreshing native plugins compatible for Editor in 0.64 ms, found 1 plugins.
Preloading 0 native plugins for Editor in 0.00 ms.
Unloading 2088 Unused Serialized files (Serialized files now loaded: 0)
System memory in use before: 95.6 MB.
System memory in use after: 95.6 MB.

Unloading 26 unused Assets to reduce memory usage. Loaded Objects now: 2532.
Total: 2.671900 ms (FindLiveObjects: 0.317700 ms CreateObjectMapping: 0.143000 ms MarkObjects: 2.080800 ms  DeleteObjects: 0.129100 ms)

========================================================================
Received Import Request.
  path: Assets
  artifactKey: Guid(00000000000000001000000000000000) Importer(815301076,1909f56bfc062723c751e8b465ee728b)
Start importing Assets using Guid(00000000000000001000000000000000) Importer(815301076,1909f56bfc062723c751e8b465ee728b)  -> (artifact id: '4a6e520b92ccfc61bcfa21a7bcab8468') in 0.004397 seconds
  Import took 0.007062 seconds .

========================================================================
Received Import Request.
  Time since last request: 11.297483 seconds.
  path: Assets/New Controls.inputactions
  artifactKey: Guid(a81effb873dff3d41a72d72ede88d19f) Importer(815301076,1909f56bfc062723c751e8b465ee728b)
Start importing Assets/New Controls.inputactions using Guid(a81effb873dff3d41a72d72ede88d19f) Importer(815301076,1909f56bfc062723c751e8b465ee728b)  -> (artifact id: 'd812b468f5e33c3e64e7887e05b16edd') in 0.026162 seconds
  Import took 0.029144 seconds .

========================================================================
Received Import Request.
  Time since last request: 329.752784 seconds.
  path: Assets/New Controls.inputactions
  artifactKey: Guid(a81effb873dff3d41a72d72ede88d19f) Importer(815301076,1909f56bfc062723c751e8b465ee728b)
Start importing Assets/New Controls.inputactions using Guid(a81effb873dff3d41a72d72ede88d19f) Importer(815301076,1909f56bfc062723c751e8b465ee728b)  -> (artifact id: '2575a72aeadb1f7c5377aa64b0a71545') in 0.005527 seconds
  Import took 0.008997 seconds .

========================================================================
Received Import Request.
  Time since last request: 10.668545 seconds.
  path: Assets/Gameplay.inputactions
  artifactKey: Guid(a81effb873dff3d41a72d72ede88d19f) Importer(815301076,1909f56bfc062723c751e8b465ee728b)
Start importing Assets/Gameplay.inputactions using Guid(a81effb873dff3d41a72d72ede88d19f) Importer(815301076,1909f56bfc062723c751e8b465ee728b)  -> (artifact id: '0abba203c9403cd09d9d09ad9732662a') in 0.003503 seconds
  Import took 0.006556 seconds .

========================================================================
Received Import Request.
  Time since last request: 0.002549 seconds.
  path: Assets/Gameplay.inputactions
  artifactKey: Guid(a81effb873dff3d41a72d72ede88d19f) Importer(815301076,1909f56bfc062723c751e8b465ee728b)
Start importing Assets/Gameplay.inputactions using Guid(a81effb873dff3d41a72d72ede88d19f) Importer(815301076,1909f56bfc062723c751e8b465ee728b)  -> (artifact id: '0abba203c9403cd09d9d09ad9732662a') in 0.002445 seconds
  Import took 0.005904 seconds .

========================================================================
Received Import Request.
  Time since last request: 342.779768 seconds.
  path: Assets/Scripts
  artifactKey: Guid(040afa68c8645e8489c5ed8445379417) Importer(815301076,1909f56bfc062723c751e8b465ee728b)
Start importing Assets/Scripts using Guid(040afa68c8645e8489c5ed8445379417) Importer(815301076,1909f56bfc062723c751e8b465ee728b)  -> (artifact id: '6e0f3fe7b05fa511c0d2e6b76db99421') in 0.002699 seconds
  Import took 0.006265 seconds .

========================================================================
Received Import Request.
  Time since last request: 5.929298 seconds.
  path: Assets/Scripts/NewBehaviourScript.cs
  artifactKey: Guid(bb24409f4c79fad4d90e45fbb8ecc97d) Importer(815301076,1909f56bfc062723c751e8b465ee728b)
Start importing Assets/Scripts/NewBehaviourScript.cs using Guid(bb24409f4c79fad4d90e45fbb8ecc97d) Importer(815301076,1909f56bfc062723c751e8b465ee728b)  -> (artifact id: 'd1e216f1eff346ba873ce99e65818071') in 0.033988 seconds
  Import took 0.036677 seconds .

========================================================================
Received Import Request.
  Time since last request: 0.066645 seconds.
  path: Assets/Scripts/NewBehaviourScript.cs
  artifactKey: Guid(bb24409f4c79fad4d90e45fbb8ecc97d) Importer(815301076,1909f56bfc062723c751e8b465ee728b)
Start importing Assets/Scripts/NewBehaviourScript.cs using Guid(bb24409f4c79fad4d90e45fbb8ecc97d) Importer(815301076,1909f56bfc062723c751e8b465ee728b)  -> (artifact id: 'd1e216f1eff346ba873ce99e65818071') in 0.002300 seconds
  Import took 0.005908 seconds .

========================================================================
Received Prepare
Registering precompiled user dll's ...
Registered in 0.000896 seconds.
Begin MonoManager ReloadAssembly
Native extension for WindowsStandalone target not found
Refreshing native plugins compatible for Editor in 0.37 ms, found 1 plugins.
Preloading 0 native plugins for Editor in 0.00 ms.
Invoked RoslynAnalysisRunner static constructor.
RoslynAnalysisRunner will not be running.
RoslynAnalysisRunner has terminated.
Mono: successfully reloaded assembly
- Completed reload, in  0.765 seconds
Platform modules already initialized, skipping
Refreshing native plugins compatible for Editor in 0.36 ms, found 1 plugins.
Preloading 0 native plugins for Editor in 0.00 ms.
Unloading 2084 Unused Serialized files (Serialized files now loaded: 0)
System memory in use before: 95.8 MB.
System memory in use after: 95.8 MB.

Unloading 12 unused Assets to reduce memory usage. Loaded Objects now: 2536.
Total: 1.931100 ms (FindLiveObjects: 0.181900 ms CreateObjectMapping: 0.070700 ms MarkObjects: 1.588700 ms  DeleteObjects: 0.088700 ms)

========================================================================
Received Import Request.
  Time since last request: 37.675325 seconds.
  path: Assets/Scripts/PlayerMovement.cs
  artifactKey: Guid(bb24409f4c79fad4d90e45fbb8ecc97d) Importer(815301076,1909f56bfc062723c751e8b465ee728b)
Start importing Assets/Scripts/PlayerMovement.cs using Guid(bb24409f4c79fad4d90e45fbb8ecc97d) Importer(815301076,1909f56bfc062723c751e8b465ee728b)  -> (artifact id: 'ae3212241a53d3cc3213d0c513be92ef') in 0.005154 seconds
  Import took 0.008321 seconds .

========================================================================
Received Prepare
Registering precompiled user dll's ...
Registered in 0.000950 seconds.
Begin MonoManager ReloadAssembly
Native extension for WindowsStandalone target not found
Refreshing native plugins compatible for Editor in 0.33 ms, found 1 plugins.
Preloading 0 native plugins for Editor in 0.00 ms.
Invoked RoslynAnalysisRunner static constructor.
RoslynAnalysisRunner will not be running.
RoslynAnalysisRunner has terminated.
Mono: successfully reloaded assembly
- Completed reload, in  0.755 seconds
Platform modules already initialized, skipping
Refreshing native plugins compatible for Editor in 0.33 ms, found 1 plugins.
Preloading 0 native plugins for Editor in 0.00 ms.
Unloading 2084 Unused Serialized files (Serialized files now loaded: 0)
System memory in use before: 95.9 MB.
System memory in use after: 95.9 MB.

Unloading 12 unused Assets to reduce memory usage. Loaded Objects now: 2539.
Total: 2.150200 ms (FindLiveObjects: 0.221600 ms CreateObjectMapping: 0.108200 ms MarkObjects: 1.685100 ms  DeleteObjects: 0.134300 ms)

========================================================================
Received Import Request.
  Time since last request: 103.533536 seconds.
  path: Assets/Scripts/PlayerMovement 1.cs
  artifactKey: Guid(45c9738073741fe4286732c85511521c) Importer(815301076,1909f56bfc062723c751e8b465ee728b)
Start importing Assets/Scripts/PlayerMovement 1.cs using Guid(45c9738073741fe4286732c85511521c) Importer(815301076,1909f56bfc062723c751e8b465ee728b)  -> (artifact id: '8791e5960081560052ae6d65c96f0007') in 0.005806 seconds
  Import took 0.009295 seconds .

========================================================================
Received Prepare
Registering precompiled user dll's ...
Registered in 0.001044 seconds.
Begin MonoManager ReloadAssembly
Native extension for WindowsStandalone target not found
Refreshing native plugins compatible for Editor in 0.33 ms, found 1 plugins.
Preloading 0 native plugins for Editor in 0.00 ms.
Invoked RoslynAnalysisRunner static constructor.
RoslynAnalysisRunner will not be running.
RoslynAnalysisRunner has terminated.
Mono: successfully reloaded assembly
- Completed reload, in  0.744 seconds
Platform modules already initialized, skipping
Refreshing native plugins compatible for Editor in 0.34 ms, found 1 plugins.
Preloading 0 native plugins for Editor in 0.00 ms.
Unloading 2084 Unused Serialized files (Serialized files now loaded: 0)
System memory in use before: 96.0 MB.
System memory in use after: 96.0 MB.

Unloading 12 unused Assets to reduce memory usage. Loaded Objects now: 2542.
Total: 2.058900 ms (FindLiveObjects: 0.227600 ms CreateObjectMapping: 0.101600 ms MarkObjects: 1.628200 ms  DeleteObjects: 0.100200 ms)

========================================================================
Received Prepare
Registering precompiled user dll's ...
Registered in 0.001101 seconds.
Begin MonoManager ReloadAssembly
Native extension for WindowsStandalone target not found
Refreshing native plugins compatible for Editor in 0.34 ms, found 1 plugins.
Preloading 0 native plugins for Editor in 0.00 ms.
Invoked RoslynAnalysisRunner static constructor.
RoslynAnalysisRunner will not be running.
RoslynAnalysisRunner has terminated.
Mono: successfully reloaded assembly
- Completed reload, in  0.731 seconds
Platform modules already initialized, skipping
Refreshing native plugins compatible for Editor in 0.32 ms, found 1 plugins.
Preloading 0 native plugins for Editor in 0.00 ms.
Unloading 2084 Unused Serialized files (Serialized files now loaded: 0)
System memory in use before: 96.1 MB.
System memory in use after: 96.1 MB.

Unloading 12 unused Assets to reduce memory usage. Loaded Objects now: 2545.
Total: 1.982300 ms (FindLiveObjects: 0.217500 ms CreateObjectMapping: 0.107600 ms MarkObjects: 1.568100 ms  DeleteObjects: 0.088000 ms)

========================================================================
Received Import Request.
  Time since last request: 54.524262 seconds.
  path: Assets/Scripts/PlayerMovement.cs
  artifactKey: Guid(bb24409f4c79fad4d90e45fbb8ecc97d) Importer(815301076,1909f56bfc062723c751e8b465ee728b)
Start importing Assets/Scripts/PlayerMovement.cs using Guid(bb24409f4c79fad4d90e45fbb8ecc97d) Importer(815301076,1909f56bfc062723c751e8b465ee728b)  -> (artifact id: 'e3d3bbe4f924e7a97ded282feb2d3a4d') in 0.003863 seconds
  Import took 0.006378 seconds .

========================================================================
Received Import Request.
  Time since last request: 30.431183 seconds.
  path: Assets/Prefabs
  artifactKey: Guid(b315eebcfbe99b14c833f97c7af8bf54) Importer(815301076,1909f56bfc062723c751e8b465ee728b)
Start importing Assets/Prefabs using Guid(b315eebcfbe99b14c833f97c7af8bf54) Importer(815301076,1909f56bfc062723c751e8b465ee728b)  -> (artifact id: '8b048088b2c0f4c2a21850fc430f4203') in 0.002841 seconds
  Import took 0.006072 seconds .

========================================================================
Received Import Request.
  Time since last request: 4.510046 seconds.
  path: Assets/Prefabs/Player.prefab
  artifactKey: Guid(c90bd173473e6f146ac1609ea88c1837) Importer(815301076,1909f56bfc062723c751e8b465ee728b)
Start importing Assets/Prefabs/Player.prefab using Guid(c90bd173473e6f146ac1609ea88c1837) Importer(815301076,1909f56bfc062723c751e8b465ee728b)  -> (artifact id: '00a4e2cd53ca8860aff3725146e1e002') in 0.082185 seconds
  Import took 0.085073 seconds .

========================================================================
Received Import Request.
  Time since last request: 17.079821 seconds.
  path: ProjectSettings/TagManager.asset
  artifactKey: Guid(00000000000000003000000000000000) Importer(815301076,1909f56bfc062723c751e8b465ee728b)
Start importing ProjectSettings/TagManager.asset using Guid(00000000000000003000000000000000) Importer(815301076,1909f56bfc062723c751e8b465ee728b)  -> (artifact id: 'e8c3ab6b558fa7fe7c42e9a55a892947') in 0.003743 seconds
  Import took 0.006681 seconds .

========================================================================
Received Import Request.
  Time since last request: 0.001041 seconds.
  path: ProjectSettings/TagManager.asset
  artifactKey: Guid(00000000000000003000000000000000) Importer(815301076,1909f56bfc062723c751e8b465ee728b)
Start importing ProjectSettings/TagManager.asset using Guid(00000000000000003000000000000000) Importer(815301076,1909f56bfc062723c751e8b465ee728b)  -> (artifact id: 'e8c3ab6b558fa7fe7c42e9a55a892947') in 0.002032 seconds
  Import took 0.004728 seconds .

========================================================================
Received Prepare
Registering precompiled user dll's ...
Registered in 0.000936 seconds.
Begin MonoManager ReloadAssembly
Native extension for WindowsStandalone target not found
Refreshing native plugins compatible for Editor in 0.34 ms, found 1 plugins.
Preloading 0 native plugins for Editor in 0.00 ms.
Invoked RoslynAnalysisRunner static constructor.
RoslynAnalysisRunner will not be running.
RoslynAnalysisRunner has terminated.
Mono: successfully reloaded assembly
- Completed reload, in  0.743 seconds
Platform modules already initialized, skipping
Refreshing native plugins compatible for Editor in 0.34 ms, found 1 plugins.
Preloading 0 native plugins for Editor in 0.00 ms.
Unloading 2084 Unused Serialized files (Serialized files now loaded: 0)
System memory in use before: 99.1 MB.
System memory in use after: 99.1 MB.

Unloading 14 unused Assets to reduce memory usage. Loaded Objects now: 2555.
Total: 2.180100 ms (FindLiveObjects: 0.288500 ms CreateObjectMapping: 0.115700 ms MarkObjects: 1.644300 ms  DeleteObjects: 0.130700 ms)

========================================================================
Received Prepare
Registering precompiled user dll's ...
Registered in 0.000925 seconds.
Begin MonoManager ReloadAssembly
Native extension for WindowsStandalone target not found
Refreshing native plugins compatible for Editor in 0.34 ms, found 1 plugins.
Preloading 0 native plugins for Editor in 0.00 ms.
Invoked RoslynAnalysisRunner static constructor.
RoslynAnalysisRunner will not be running.
RoslynAnalysisRunner has terminated.
Mono: successfully reloaded assembly
- Completed reload, in  0.750 seconds
Platform modules already initialized, skipping
Refreshing native plugins compatible for Editor in 0.35 ms, found 1 plugins.
Preloading 0 native plugins for Editor in 0.00 ms.
Unloading 2084 Unused Serialized files (Serialized files now loaded: 0)
System memory in use before: 99.2 MB.
System memory in use after: 99.2 MB.

Unloading 12 unused Assets to reduce memory usage. Loaded Objects now: 2558.
Total: 1.929400 ms (FindLiveObjects: 0.210500 ms CreateObjectMapping: 0.087900 ms MarkObjects: 1.542100 ms  DeleteObjects: 0.088000 ms)

========================================================================
Received Import Request.
  Time since last request: 378.145534 seconds.
  path: Assets/Prefabs/Ground.prefab
  artifactKey: Guid(675a930e4910516438677b2126bfc068) Importer(815301076,1909f56bfc062723c751e8b465ee728b)
Start importing Assets/Prefabs/Ground.prefab using Guid(675a930e4910516438677b2126bfc068) Importer(815301076,1909f56bfc062723c751e8b465ee728b)  -> (artifact id: 'b299bfa20a620e431d013d750532e65b') in 0.048667 seconds
  Import took 0.051541 seconds .

========================================================================
Received Prepare
Registering precompiled user dll's ...
Registered in 0.000996 seconds.
Begin MonoManager ReloadAssembly
Native extension for WindowsStandalone target not found
Refreshing native plugins compatible for Editor in 0.37 ms, found 1 plugins.
Preloading 0 native plugins for Editor in 0.00 ms.
Invoked RoslynAnalysisRunner static constructor.
RoslynAnalysisRunner will not be running.
RoslynAnalysisRunner has terminated.
Mono: successfully reloaded assembly
- Completed reload, in  0.762 seconds
Platform modules already initialized, skipping
Refreshing native plugins compatible for Editor in 0.33 ms, found 1 plugins.
Preloading 0 native plugins for Editor in 0.00 ms.
Unloading 2084 Unused Serialized files (Serialized files now loaded: 0)
System memory in use before: 99.3 MB.
System memory in use after: 99.3 MB.

Unloading 12 unused Assets to reduce memory usage. Loaded Objects now: 2562.
Total: 1.851300 ms (FindLiveObjects: 0.184000 ms CreateObjectMapping: 0.073200 ms MarkObjects: 1.504500 ms  DeleteObjects: 0.088300 ms)

========================================================================
Received Import Request.
  Time since last request: 66.425941 seconds.
  path: Assets/Prefabs/Player.prefab
  artifactKey: Guid(c90bd173473e6f146ac1609ea88c1837) Importer(815301076,1909f56bfc062723c751e8b465ee728b)
Start importing Assets/Prefabs/Player.prefab using Guid(c90bd173473e6f146ac1609ea88c1837) Importer(815301076,1909f56bfc062723c751e8b465ee728b)  -> (artifact id: '54999479f01f62f028dab6b68a052f56') in 0.055903 seconds
  Import took 0.059079 seconds .

========================================================================
Received Prepare
Registering precompiled user dll's ...
Registered in 0.000908 seconds.
Begin MonoManager ReloadAssembly
Native extension for WindowsStandalone target not found
Refreshing native plugins compatible for Editor in 0.35 ms, found 1 plugins.
Preloading 0 native plugins for Editor in 0.00 ms.
Invoked RoslynAnalysisRunner static constructor.
RoslynAnalysisRunner will not be running.
RoslynAnalysisRunner has terminated.
Mono: successfully reloaded assembly
- Completed reload, in  0.756 seconds
Platform modules already initialized, skipping
Refreshing native plugins compatible for Editor in 0.33 ms, found 1 plugins.
Preloading 0 native plugins for Editor in 0.00 ms.
Unloading 2084 Unused Serialized files (Serialized files now loaded: 0)
System memory in use before: 99.4 MB.
System memory in use after: 99.4 MB.

Unloading 12 unused Assets to reduce memory usage. Loaded Objects now: 2566.
Total: 2.006600 ms (FindLiveObjects: 0.248400 ms CreateObjectMapping: 0.085000 ms MarkObjects: 1.581300 ms  DeleteObjects: 0.091200 ms)

========================================================================
Received Prepare
Registering precompiled user dll's ...
Registered in 0.000915 seconds.
Begin MonoManager ReloadAssembly
Native extension for WindowsStandalone target not found
Refreshing native plugins compatible for Editor in 0.41 ms, found 1 plugins.
Preloading 0 native plugins for Editor in 0.00 ms.
Invoked RoslynAnalysisRunner static constructor.
RoslynAnalysisRunner will not be running.
RoslynAnalysisRunner has terminated.
Mono: successfully reloaded assembly
- Completed reload, in  0.761 seconds
Platform modules already initialized, skipping
Refreshing native plugins compatible for Editor in 0.33 ms, found 1 plugins.
Preloading 0 native plugins for Editor in 0.00 ms.
Unloading 2084 Unused Serialized files (Serialized files now loaded: 0)
System memory in use before: 99.4 MB.
System memory in use after: 99.4 MB.

Unloading 12 unused Assets to reduce memory usage. Loaded Objects now: 2569.
Total: 1.783700 ms (FindLiveObjects: 0.220400 ms CreateObjectMapping: 0.080100 ms MarkObjects: 1.385900 ms  DeleteObjects: 0.096100 ms)

========================================================================
Received Prepare
Registering precompiled user dll's ...
Registered in 0.000981 seconds.
Begin MonoManager ReloadAssembly
Native extension for WindowsStandalone target not found
Refreshing native plugins compatible for Editor in 0.41 ms, found 1 plugins.
Preloading 0 native plugins for Editor in 0.00 ms.
Invoked RoslynAnalysisRunner static constructor.
RoslynAnalysisRunner will not be running.
RoslynAnalysisRunner has terminated.
Mono: successfully reloaded assembly
- Completed reload, in  0.734 seconds
Platform modules already initialized, skipping
Refreshing native plugins compatible for Editor in 0.32 ms, found 1 plugins.
Preloading 0 native plugins for Editor in 0.00 ms.
Unloading 2084 Unused Serialized files (Serialized files now loaded: 0)
System memory in use before: 99.5 MB.
System memory in use after: 99.5 MB.

Unloading 12 unused Assets to reduce memory usage. Loaded Objects now: 2572.
Total: 2.122600 ms (FindLiveObjects: 0.211900 ms CreateObjectMapping: 0.094900 ms MarkObjects: 1.728200 ms  DeleteObjects: 0.086700 ms)

AssetImportWorkerClient::OnTransportError - code=2 error=End of file
